# Домашнее задание к занятию «Индексы»

### Инструкция по выполнению домашнего задания

1. Сделайте fork [репозитория c шаблоном решения](https://github.com/netology-code/sys-pattern-homework) к себе в Github и переименуйте его по названию или номеру занятия, например, https://github.com/имя-вашего-репозитория/gitlab-hw или https://github.com/имя-вашего-репозитория/8-03-hw).
2. Выполните клонирование этого репозитория к себе на ПК с помощью команды `git clone`.
3. Выполните домашнее задание и заполните у себя локально этот файл README.md:
   - впишите вверху название занятия и ваши фамилию и имя;
   - в каждом задании добавьте решение в требуемом виде: текст/код/скриншоты/ссылка;
   - для корректного добавления скриншотов воспользуйтесь инструкцией [«Как вставить скриншот в шаблон с решением»](https://github.com/netology-code/sys-pattern-homework/blob/main/screen-instruction.md);
   - при оформлении используйте возможности языка разметки md. Коротко об этом можно посмотреть в [инструкции по MarkDown](https://github.com/netology-code/sys-pattern-homework/blob/main/md-instruction.md).
4. После завершения работы над домашним заданием сделайте коммит (`git commit -m "comment"`) и отправьте его на Github (`git push origin`).
5. Для проверки домашнего задания преподавателем в личном кабинете прикрепите и отправьте ссылку на решение в виде md-файла в вашем Github.
6. Любые вопросы задавайте в чате учебной группы и/или в разделе «Вопросы по заданию» в личном кабинете.

Желаем успехов в выполнении домашнего задания.

### Задание 1

Напишите запрос к учебной базе данных, который вернёт процентное отношение общего размера всех индексов к общему размеру всех таблиц.

Ответ:
```
SELECT (SUM(index_length) / SUM(data_length)) * 100
FROM INFORMATION_SCHEMA.TABLES
WHERE TABLE_SCHEMA = 'sakila';
```

### Задание 2

Выполните explain analyze следующего запроса:
```sql
select distinct concat(c.last_name, ' ', c.first_name), sum(p.amount) over (partition by c.customer_id, f.title)
from payment p, rental r, customer c, inventory i, film f
where date(p.payment_date) = '2005-07-30' and p.payment_date = r.rental_date and r.customer_id = c.customer_id and i.inventory_id = r.inventory_id
```
- перечислите узкие места;
- оптимизируйте запрос: внесите корректировки по использованию операторов, при необходимости добавьте индексы.

Ответ:
Узкие места в ненужной таблице film и операторе over, делаем группировку по group by c.customer_id и получается более менее нормальный вывод, замена date конструкцией типа >=, и использование джойнов давало преимущество в 1-2 миллисекунды и то не всегда, так их использование для корректировки данного запроса считаю не целесообразной.

```
explain analyze 
select concat(c.last_name, ' ', c.first_name), sum(p.amount)
from payment p, rental r, customer c, inventory i
where date(p.payment_date) = '2005-07-30' and p.payment_date = r.rental_date and r.customer_id = c.customer_id and i.inventory_id = r.inventory_id
group BY c.customer_id


-> Limit: 2000 row(s) (actual time=10.6..10.7 rows=391 loops=1)
-> Table scan on <temporary> (actual time=10.6..10.7 rows=391 loops=1)
-> Aggregate using temporary table (actual time=10.6..10.6 rows=391 loops=1)
-> Nested loop inner join (cost=31368 rows=17135) (actual time=0.0686..9.96 rows=642 loops=1)
-> Nested loop inner join (cost=25371 rows=17135) (actual time=0.0661..9.06 rows=642 loops=1)
-> Nested loop inner join (cost=19373 rows=17135) (actual time=0.062..8.42 rows=642 loops=1)
-> Filter: (cast(p.payment_date as date) = '2005-07-30') (cost=1674 rows=16500) (actual time=0.0502..6.88 rows=634 loops=1)
-> Table scan on p (cost=1674 rows=16500) (actual time=0.0371..4.39 rows=16044 loops=1)
-> Covering index lookup on r using rental_date (rental_date=p.payment_date) (cost=0.969 rows=1.04) (actual time=0.00165..0.00218 rows=1.01 loops=634)
-> Single-row index lookup on c using PRIMARY (customer_id=r.customer_id) (cost=0.25 rows=1) (actual time=754e-6..788e-6 rows=1 loops=642)
-> Single-row covering index lookup on i using PRIMARY (inventory_id=r.inventory_id) (cost=0.25 rows=1) (actual time=0.00116..0.00119 rows=1 loops=642)

```


Доработка: 

```
explain analyze 
select concat(c.last_name, ' ', c.first_name), sum(p.amount)
from payment p 
join customer c on c.customer_id = p.customer_id
where p.payment_date >= '2005-07-30' and p.payment_date < date_add('2005-07-30', INTERVAL 1 DAY)
group by p.customer_id;

-> Limit: 2000 row(s) (actual time=9.7..9.79 rows=391 loops=1)
-> Table scan on <temporary> (actual time=9.7..9.76 rows=391 loops=1)
-> Aggregate using temporary table (actual time=9.69..9.69 rows=391 loops=1)
-> Nested loop inner join (cost=2316 rows=1833) (actual time=0.0987..9.04 rows=634 loops=1)
-> Filter: ((p.payment_date >= TIMESTAMP'2005-07-30 00:00:00') and (p.payment_date < <cache>(('2005-07-30' + interval 1 day)))) (cost=1674 rows=1833) (actual time=0.0871..8.28 rows=634 loops=1)
-> Table scan on p (cost=1674 rows=16500) (actual time=0.0725..5.14 rows=16044 loops=1)
-> Single-row index lookup on c using PRIMARY (customer_id=p.customer_id) (cost=0.25 rows=1) (actual time=938e-6..973e-6 rows=1 loops=634)

```


## Дополнительные задания (со звёздочкой*)
Эти задания дополнительные, то есть не обязательные к выполнению, и никак не повлияют на получение вами зачёта по этому домашнему заданию. Вы можете их выполнить, если хотите глубже шире разобраться в материале.

### Задание 3*

Самостоятельно изучите, какие типы индексов используются в PostgreSQL. Перечислите те индексы, которые используются в PostgreSQL, а в MySQL — нет.

*Приведите ответ в свободной форме.*

Ответ:

```
1. GiST (Generalized Search Tree) Index: Этот индекс предоставляет возможность создания пользовательских типов данных и определения пользовательских операций, которые могут быть использованы в индексе. Он позволяет выполнять сложные поисковые запросы, такие как поиск по географическим координатам или поиск подстроки в текстовом поле.
    
2. SP-GiST (Space-Partitioned Generalized Search Tree) Index: Этот индекс предоставляет возможность эффективно хранить и обрабатывать данные, которые имеют пространственную структуру, такие как геометрические объекты или деревья. Он может быть полезен для выполнения сложных пространственных запросов.
    
3. BRIN (Block Range INdex) Index: Этот индекс разбивает данные на блоки и сохраняет суммарную информацию об этих блоках. Он особенно полезен для больших таблиц, где данные имеют упорядоченную структуру. BRIN-индексы обеспечивают эффективную обработку запросов, требующих сжатия данных.
    
4. GIN (Generalized INverted index) Index: Этот индекс предоставляет возможность индексировать список значений в одной ячейке таблицы. Он может быть полезен для индексации массивов или полнотекстового поиска.
    
5. SP-GIST (Space-Partitioned Generalized INverted Search Tree) Index: Этот индекс также предоставляет возможность индексирования данных, представленных в виде списка. Он поддерживает пользовательские операции, которые могут быть использованы в индексе, и может быть полезен для хранения сложных множественных значений.
    
6. Hash Index: Этот индекс использует хеш-функции для быстрого поиска значений. Он может быть полезен для поиска точных совпадений значения в колонке.
```